D:\YONG-DATA\브레인넷\14_12_19(M_ARDUINO)\3.GBR\M_ARDUINO.TOP:
File Finished:
Errors: 0
Warnings: 0

D:\YONG-DATA\브레인넷\14_12_19(M_ARDUINO)\3.GBR\M_ARDUINO.BOT:
File Finished:
Errors: 0
Warnings: 0

D:\YONG-DATA\브레인넷\14_12_19(M_ARDUINO)\3.GBR\M_ARDUINO.TMK:
File Finished:
Errors: 0
Warnings: 0

D:\YONG-DATA\브레인넷\14_12_19(M_ARDUINO)\3.GBR\M_ARDUINO.BMK:
File Finished:
Errors: 0
Warnings: 0

D:\YONG-DATA\브레인넷\14_12_19(M_ARDUINO)\3.GBR\M_ARDUINO.TSK:
File Finished:
Errors: 0
Warnings: 0

Output Finished:
Errors: 0
Warnings: 0
Files: 5
